ERROR - 2017-03-20 08:19:08 - ErrorException: Undefined property: App\Libraries\PTHE::$deck in /vagrant/dev/games/App/Libraries/PTHE.php:50
Stack trace:
#0 /vagrant/dev/games/App/Libraries/PTHE.php(50): Yee\Yee::handleErrors(8, 'Undefined prope...', '/vagrant/dev/ga...', 50, Array)
#1 /vagrant/dev/games/App/Libraries/PTHE.php(183): App\Libraries\PokerDeck->make_deck_shuffle()
#2 /vagrant/dev/games/App/Controllers/PokerController.php(21): App\Libraries\PTHE->initialize(2)
#3 [internal function]: PokerController->index()
#4 /vagrant/dev/games/vendor/yeephp/yeephp/Yee/Managers/Controller/Controller.php(22): call_user_func_array(Array, Array)
#5 [internal function]: Yee\Managers\Controller\Controller::__callStatic('index', Array)
#6 /vagrant/dev/games/vendor/yeephp/yeephp/Yee/Route.php(462): call_user_func_array('PokerController...', Array)
#7 /vagrant/dev/games/vendor/yeephp/yeephp/Yee/Yee.php(1333): Yee\Route->dispatch()
#8 /vagrant/dev/games/vendor/yeephp/yeephp/Yee/Middleware/Flash.php(85): Yee\Yee->call()
#9 /vagrant/dev/games/vendor/yeephp/yeephp/Yee/Middleware/MethodOverride.php(92): Yee\Middleware\Flash->call()
#10 /vagrant/dev/games/vendor/yeephp/yeephp/Yee/Yee.php(1278): Yee\Middleware\MethodOverride->call()
#11 /vagrant/dev/games/index.php(46): Yee\Yee->execute()
#12 {main}
ERROR - 2017-03-20 08:21:48 - ErrorException: Undefined property: App\Libraries\PTHE::$deck in /vagrant/dev/games/App/Libraries/PTHE.php:50
Stack trace:
#0 /vagrant/dev/games/App/Libraries/PTHE.php(50): Yee\Yee::handleErrors(8, 'Undefined prope...', '/vagrant/dev/ga...', 50, Array)
#1 /vagrant/dev/games/App/Libraries/PTHE.php(183): App\Libraries\PokerDeck->make_deck_shuffle()
#2 /vagrant/dev/games/App/Controllers/PokerController.php(21): App\Libraries\PTHE->initialize(2)
#3 [internal function]: PokerController->index()
#4 /vagrant/dev/games/vendor/yeephp/yeephp/Yee/Managers/Controller/Controller.php(22): call_user_func_array(Array, Array)
#5 [internal function]: Yee\Managers\Controller\Controller::__callStatic('index', Array)
#6 /vagrant/dev/games/vendor/yeephp/yeephp/Yee/Route.php(462): call_user_func_array('PokerController...', Array)
#7 /vagrant/dev/games/vendor/yeephp/yeephp/Yee/Yee.php(1333): Yee\Route->dispatch()
#8 /vagrant/dev/games/vendor/yeephp/yeephp/Yee/Middleware/Flash.php(85): Yee\Yee->call()
#9 /vagrant/dev/games/vendor/yeephp/yeephp/Yee/Middleware/MethodOverride.php(92): Yee\Middleware\Flash->call()
#10 /vagrant/dev/games/vendor/yeephp/yeephp/Yee/Yee.php(1278): Yee\Middleware\MethodOverride->call()
#11 /vagrant/dev/games/index.php(46): Yee\Yee->execute()
#12 {main}
