ERROR - 2017-03-21 13:12:29 - ErrorException: swoole_server::sendto(): Server is not running. in /vagrant/dev/games/App/Controllers/ServerController.php:16
Stack trace:
#0 [internal function]: Yee\Yee::handleErrors(2, 'swoole_server::...', '/vagrant/dev/ga...', 16, Array)
#1 /vagrant/dev/games/App/Controllers/ServerController.php(16): swoole_server->sendto('127.0.0.1', 80, 'hello world')
#2 [internal function]: ServerController->index()
#3 /vagrant/dev/games/vendor/yeephp/yeephp/Yee/Managers/Controller/Controller.php(22): call_user_func_array(Array, Array)
#4 [internal function]: Yee\Managers\Controller\Controller::__callStatic('index', Array)
#5 /vagrant/dev/games/vendor/yeephp/yeephp/Yee/Route.php(462): call_user_func_array('ServerControlle...', Array)
#6 /vagrant/dev/games/vendor/yeephp/yeephp/Yee/Yee.php(1333): Yee\Route->dispatch()
#7 /vagrant/dev/games/vendor/yeephp/yeephp/Yee/Middleware/Flash.php(85): Yee\Yee->call()
#8 /vagrant/dev/games/vendor/yeephp/yeephp/Yee/Middleware/MethodOverride.php(92): Yee\Middleware\Flash->call()
#9 /vagrant/dev/games/vendor/yeephp/yeephp/Yee/Yee.php(1278): Yee\Middleware\MethodOverride->call()
#10 /vagrant/dev/games/index.php(46): Yee\Yee->execute()
#11 {main}
ERROR - 2017-03-21 13:12:35 - ErrorException: swoole_server::sendto(): Server is not running. in /vagrant/dev/games/App/Controllers/ServerController.php:16
Stack trace:
#0 [internal function]: Yee\Yee::handleErrors(2, 'swoole_server::...', '/vagrant/dev/ga...', 16, Array)
#1 /vagrant/dev/games/App/Controllers/ServerController.php(16): swoole_server->sendto('127.0.0.1', 80, 'hello world')
#2 [internal function]: ServerController->index()
#3 /vagrant/dev/games/vendor/yeephp/yeephp/Yee/Managers/Controller/Controller.php(22): call_user_func_array(Array, Array)
#4 [internal function]: Yee\Managers\Controller\Controller::__callStatic('index', Array)
#5 /vagrant/dev/games/vendor/yeephp/yeephp/Yee/Route.php(462): call_user_func_array('ServerControlle...', Array)
#6 /vagrant/dev/games/vendor/yeephp/yeephp/Yee/Yee.php(1333): Yee\Route->dispatch()
#7 /vagrant/dev/games/vendor/yeephp/yeephp/Yee/Middleware/Flash.php(85): Yee\Yee->call()
#8 /vagrant/dev/games/vendor/yeephp/yeephp/Yee/Middleware/MethodOverride.php(92): Yee\Middleware\Flash->call()
#9 /vagrant/dev/games/vendor/yeephp/yeephp/Yee/Yee.php(1278): Yee\Middleware\MethodOverride->call()
#10 /vagrant/dev/games/index.php(46): Yee\Yee->execute()
#11 {main}
