ERROR - 2017-03-17 12:41:25 - ErrorException: Accessing static property PokerController::$poker as non static in /vagrant/dev/games/App/Controllers/PokerController.php:18
Stack trace:
#0 /vagrant/dev/games/App/Controllers/PokerController.php(18): Yee\Yee::handleErrors(8, 'Accessing stati...', '/vagrant/dev/ga...', 18, Array)
#1 [internal function]: PokerController->index()
#2 /vagrant/dev/games/vendor/yeephp/yeephp/Yee/Managers/Controller/Controller.php(22): call_user_func_array(Array, Array)
#3 [internal function]: Yee\Managers\Controller\Controller::__callStatic('index', Array)
#4 /vagrant/dev/games/vendor/yeephp/yeephp/Yee/Route.php(462): call_user_func_array('PokerController...', Array)
#5 /vagrant/dev/games/vendor/yeephp/yeephp/Yee/Yee.php(1333): Yee\Route->dispatch()
#6 /vagrant/dev/games/vendor/yeephp/yeephp/Yee/Middleware/Flash.php(85): Yee\Yee->call()
#7 /vagrant/dev/games/vendor/yeephp/yeephp/Yee/Middleware/MethodOverride.php(92): Yee\Middleware\Flash->call()
#8 /vagrant/dev/games/vendor/yeephp/yeephp/Yee/Yee.php(1278): Yee\Middleware\MethodOverride->call()
#9 /vagrant/dev/games/index.php(46): Yee\Yee->execute()
#10 {main}
ERROR - 2017-03-17 12:41:26 - ErrorException: Accessing static property PokerController::$poker as non static in /vagrant/dev/games/App/Controllers/PokerController.php:18
Stack trace:
#0 /vagrant/dev/games/App/Controllers/PokerController.php(18): Yee\Yee::handleErrors(8, 'Accessing stati...', '/vagrant/dev/ga...', 18, Array)
#1 [internal function]: PokerController->index()
#2 /vagrant/dev/games/vendor/yeephp/yeephp/Yee/Managers/Controller/Controller.php(22): call_user_func_array(Array, Array)
#3 [internal function]: Yee\Managers\Controller\Controller::__callStatic('index', Array)
#4 /vagrant/dev/games/vendor/yeephp/yeephp/Yee/Route.php(462): call_user_func_array('PokerController...', Array)
#5 /vagrant/dev/games/vendor/yeephp/yeephp/Yee/Yee.php(1333): Yee\Route->dispatch()
#6 /vagrant/dev/games/vendor/yeephp/yeephp/Yee/Middleware/Flash.php(85): Yee\Yee->call()
#7 /vagrant/dev/games/vendor/yeephp/yeephp/Yee/Middleware/MethodOverride.php(92): Yee\Middleware\Flash->call()
#8 /vagrant/dev/games/vendor/yeephp/yeephp/Yee/Yee.php(1278): Yee\Middleware\MethodOverride->call()
#9 /vagrant/dev/games/index.php(46): Yee\Yee->execute()
#10 {main}
