ERROR - 2017-04-05 08:11:16 - ErrorException: array_push() expects parameter 1 to be array, null given in /vagrant/dev/games/App/Controllers/PokerController.php:59
Stack trace:
#0 [internal function]: Yee\Yee::handleErrors(2, 'array_push() ex...', '/vagrant/dev/ga...', 59, Array)
#1 /vagrant/dev/games/App/Controllers/PokerController.php(59): array_push(NULL, 'player_1')
#2 [internal function]: PokerController->index()
#3 /vagrant/dev/games/vendor/yeephp/yeephp/Yee/Managers/Controller/Controller.php(22): call_user_func_array(Array, Array)
#4 [internal function]: Yee\Managers\Controller\Controller::__callStatic('index', Array)
#5 /vagrant/dev/games/vendor/yeephp/yeephp/Yee/Route.php(462): call_user_func_array('PokerController...', Array)
#6 /vagrant/dev/games/vendor/yeephp/yeephp/Yee/Yee.php(1333): Yee\Route->dispatch()
#7 /vagrant/dev/games/vendor/yeephp/yeephp/Yee/Middleware/Flash.php(85): Yee\Yee->call()
#8 /vagrant/dev/games/vendor/yeephp/yeephp/Yee/Middleware/MethodOverride.php(92): Yee\Middleware\Flash->call()
#9 /vagrant/dev/games/vendor/yeephp/yeephp/Yee/Yee.php(1278): Yee\Middleware\MethodOverride->call()
#10 /vagrant/dev/games/index.php(47): Yee\Yee->execute()
#11 {main}
ERROR - 2017-04-05 08:11:20 - ErrorException: array_push() expects parameter 1 to be array, null given in /vagrant/dev/games/App/Controllers/PokerController.php:59
Stack trace:
#0 [internal function]: Yee\Yee::handleErrors(2, 'array_push() ex...', '/vagrant/dev/ga...', 59, Array)
#1 /vagrant/dev/games/App/Controllers/PokerController.php(59): array_push(NULL, 'player_1')
#2 [internal function]: PokerController->index()
#3 /vagrant/dev/games/vendor/yeephp/yeephp/Yee/Managers/Controller/Controller.php(22): call_user_func_array(Array, Array)
#4 [internal function]: Yee\Managers\Controller\Controller::__callStatic('index', Array)
#5 /vagrant/dev/games/vendor/yeephp/yeephp/Yee/Route.php(462): call_user_func_array('PokerController...', Array)
#6 /vagrant/dev/games/vendor/yeephp/yeephp/Yee/Yee.php(1333): Yee\Route->dispatch()
#7 /vagrant/dev/games/vendor/yeephp/yeephp/Yee/Middleware/Flash.php(85): Yee\Yee->call()
#8 /vagrant/dev/games/vendor/yeephp/yeephp/Yee/Middleware/MethodOverride.php(92): Yee\Middleware\Flash->call()
#9 /vagrant/dev/games/vendor/yeephp/yeephp/Yee/Yee.php(1278): Yee\Middleware\MethodOverride->call()
#10 /vagrant/dev/games/index.php(47): Yee\Yee->execute()
#11 {main}
