ERROR - 2017-03-23 08:32:45 - ErrorException: Undefined index: player_6 in /vagrant/dev/games/App/Models/PokerModel.php:16
Stack trace:
#0 /vagrant/dev/games/App/Models/PokerModel.php(16): Yee\Yee::handleErrors(8, 'Undefined index...', '/vagrant/dev/ga...', 16, Array)
#1 /vagrant/dev/games/App/Controllers/PokerController.php(20): App\Models\PokerModel::DealCards(Object(App\Libraries\PTHE), Array, 6)
#2 [internal function]: PokerController->index()
#3 /vagrant/dev/games/vendor/yeephp/yeephp/Yee/Managers/Controller/Controller.php(22): call_user_func_array(Array, Array)
#4 [internal function]: Yee\Managers\Controller\Controller::__callStatic('index', Array)
#5 /vagrant/dev/games/vendor/yeephp/yeephp/Yee/Route.php(462): call_user_func_array('PokerController...', Array)
#6 /vagrant/dev/games/vendor/yeephp/yeephp/Yee/Yee.php(1333): Yee\Route->dispatch()
#7 /vagrant/dev/games/vendor/yeephp/yeephp/Yee/Middleware/Flash.php(85): Yee\Yee->call()
#8 /vagrant/dev/games/vendor/yeephp/yeephp/Yee/Middleware/MethodOverride.php(92): Yee\Middleware\Flash->call()
#9 /vagrant/dev/games/vendor/yeephp/yeephp/Yee/Yee.php(1278): Yee\Middleware\MethodOverride->call()
#10 /vagrant/dev/games/index.php(47): Yee\Yee->execute()
#11 {main}
ERROR - 2017-03-23 08:33:00 - ErrorException: Undefined index: player_ in /vagrant/dev/games/App/Models/PokerModel.php:16
Stack trace:
#0 /vagrant/dev/games/App/Models/PokerModel.php(16): Yee\Yee::handleErrors(8, 'Undefined index...', '/vagrant/dev/ga...', 16, Array)
#1 /vagrant/dev/games/App/Controllers/PokerController.php(20): App\Models\PokerModel::DealCards(Object(App\Libraries\PTHE), Array, 0)
#2 [internal function]: PokerController->index()
#3 /vagrant/dev/games/vendor/yeephp/yeephp/Yee/Managers/Controller/Controller.php(22): call_user_func_array(Array, Array)
#4 [internal function]: Yee\Managers\Controller\Controller::__callStatic('index', Array)
#5 /vagrant/dev/games/vendor/yeephp/yeephp/Yee/Route.php(462): call_user_func_array('PokerController...', Array)
#6 /vagrant/dev/games/vendor/yeephp/yeephp/Yee/Yee.php(1333): Yee\Route->dispatch()
#7 /vagrant/dev/games/vendor/yeephp/yeephp/Yee/Middleware/Flash.php(85): Yee\Yee->call()
#8 /vagrant/dev/games/vendor/yeephp/yeephp/Yee/Middleware/MethodOverride.php(92): Yee\Middleware\Flash->call()
#9 /vagrant/dev/games/vendor/yeephp/yeephp/Yee/Yee.php(1278): Yee\Middleware\MethodOverride->call()
#10 /vagrant/dev/games/index.php(47): Yee\Yee->execute()
#11 {main}
