ERROR - 2017-04-11 06:24:56 - ErrorException: Undefined offset: 3 in /vagrant/dev/games/App/Controllers/PokerController.php:52
Stack trace:
#0 /vagrant/dev/games/App/Controllers/PokerController.php(52): Yee\Yee::handleErrors(8, 'Undefined offse...', '/vagrant/dev/ga...', 52, Array)
#1 [internal function]: PokerController->index()
#2 /vagrant/dev/games/vendor/yeephp/yeephp/Yee/Managers/Controller/Controller.php(22): call_user_func_array(Array, Array)
#3 [internal function]: Yee\Managers\Controller\Controller::__callStatic('index', Array)
#4 /vagrant/dev/games/vendor/yeephp/yeephp/Yee/Route.php(462): call_user_func_array('PokerController...', Array)
#5 /vagrant/dev/games/vendor/yeephp/yeephp/Yee/Yee.php(1333): Yee\Route->dispatch()
#6 /vagrant/dev/games/vendor/yeephp/yeephp/Yee/Middleware/Flash.php(85): Yee\Yee->call()
#7 /vagrant/dev/games/vendor/yeephp/yeephp/Yee/Middleware/MethodOverride.php(92): Yee\Middleware\Flash->call()
#8 /vagrant/dev/games/vendor/yeephp/yeephp/Yee/Yee.php(1278): Yee\Middleware\MethodOverride->call()
#9 /vagrant/dev/games/index.php(47): Yee\Yee->execute()
#10 {main}
ERROR - 2017-04-11 06:27:36 - ErrorException: Undefined offset: 3 in /vagrant/dev/games/App/Controllers/PokerController.php:53
Stack trace:
#0 /vagrant/dev/games/App/Controllers/PokerController.php(53): Yee\Yee::handleErrors(8, 'Undefined offse...', '/vagrant/dev/ga...', 53, Array)
#1 [internal function]: PokerController->index()
#2 /vagrant/dev/games/vendor/yeephp/yeephp/Yee/Managers/Controller/Controller.php(22): call_user_func_array(Array, Array)
#3 [internal function]: Yee\Managers\Controller\Controller::__callStatic('index', Array)
#4 /vagrant/dev/games/vendor/yeephp/yeephp/Yee/Route.php(462): call_user_func_array('PokerController...', Array)
#5 /vagrant/dev/games/vendor/yeephp/yeephp/Yee/Yee.php(1333): Yee\Route->dispatch()
#6 /vagrant/dev/games/vendor/yeephp/yeephp/Yee/Middleware/Flash.php(85): Yee\Yee->call()
#7 /vagrant/dev/games/vendor/yeephp/yeephp/Yee/Middleware/MethodOverride.php(92): Yee\Middleware\Flash->call()
#8 /vagrant/dev/games/vendor/yeephp/yeephp/Yee/Yee.php(1278): Yee\Middleware\MethodOverride->call()
#9 /vagrant/dev/games/index.php(47): Yee\Yee->execute()
#10 {main}
ERROR - 2017-04-11 07:01:15 - ErrorException: Illegal string offset 'bet' in /vagrant/dev/games/App/Controllers/PokerController.php:45
Stack trace:
#0 /vagrant/dev/games/App/Controllers/PokerController.php(45): Yee\Yee::handleErrors(2, 'Illegal string ...', '/vagrant/dev/ga...', 45, Array)
#1 [internal function]: PokerController->index()
#2 /vagrant/dev/games/vendor/yeephp/yeephp/Yee/Managers/Controller/Controller.php(22): call_user_func_array(Array, Array)
#3 [internal function]: Yee\Managers\Controller\Controller::__callStatic('index', Array)
#4 /vagrant/dev/games/vendor/yeephp/yeephp/Yee/Route.php(462): call_user_func_array('PokerController...', Array)
#5 /vagrant/dev/games/vendor/yeephp/yeephp/Yee/Yee.php(1333): Yee\Route->dispatch()
#6 /vagrant/dev/games/vendor/yeephp/yeephp/Yee/Middleware/Flash.php(85): Yee\Yee->call()
#7 /vagrant/dev/games/vendor/yeephp/yeephp/Yee/Middleware/MethodOverride.php(92): Yee\Middleware\Flash->call()
#8 /vagrant/dev/games/vendor/yeephp/yeephp/Yee/Yee.php(1278): Yee\Middleware\MethodOverride->call()
#9 /vagrant/dev/games/index.php(47): Yee\Yee->execute()
#10 {main}
ERROR - 2017-04-11 07:01:16 - ErrorException: Illegal string offset 'bet' in /vagrant/dev/games/App/Controllers/PokerController.php:45
Stack trace:
#0 /vagrant/dev/games/App/Controllers/PokerController.php(45): Yee\Yee::handleErrors(2, 'Illegal string ...', '/vagrant/dev/ga...', 45, Array)
#1 [internal function]: PokerController->index()
#2 /vagrant/dev/games/vendor/yeephp/yeephp/Yee/Managers/Controller/Controller.php(22): call_user_func_array(Array, Array)
#3 [internal function]: Yee\Managers\Controller\Controller::__callStatic('index', Array)
#4 /vagrant/dev/games/vendor/yeephp/yeephp/Yee/Route.php(462): call_user_func_array('PokerController...', Array)
#5 /vagrant/dev/games/vendor/yeephp/yeephp/Yee/Yee.php(1333): Yee\Route->dispatch()
#6 /vagrant/dev/games/vendor/yeephp/yeephp/Yee/Middleware/Flash.php(85): Yee\Yee->call()
#7 /vagrant/dev/games/vendor/yeephp/yeephp/Yee/Middleware/MethodOverride.php(92): Yee\Middleware\Flash->call()
#8 /vagrant/dev/games/vendor/yeephp/yeephp/Yee/Yee.php(1278): Yee\Middleware\MethodOverride->call()
#9 /vagrant/dev/games/index.php(47): Yee\Yee->execute()
#10 {main}
ERROR - 2017-04-11 07:02:06 - ErrorException: Illegal string offset 'bet' in /vagrant/dev/games/App/Controllers/PokerController.php:45
Stack trace:
#0 /vagrant/dev/games/App/Controllers/PokerController.php(45): Yee\Yee::handleErrors(2, 'Illegal string ...', '/vagrant/dev/ga...', 45, Array)
#1 [internal function]: PokerController->index()
#2 /vagrant/dev/games/vendor/yeephp/yeephp/Yee/Managers/Controller/Controller.php(22): call_user_func_array(Array, Array)
#3 [internal function]: Yee\Managers\Controller\Controller::__callStatic('index', Array)
#4 /vagrant/dev/games/vendor/yeephp/yeephp/Yee/Route.php(462): call_user_func_array('PokerController...', Array)
#5 /vagrant/dev/games/vendor/yeephp/yeephp/Yee/Yee.php(1333): Yee\Route->dispatch()
#6 /vagrant/dev/games/vendor/yeephp/yeephp/Yee/Middleware/Flash.php(85): Yee\Yee->call()
#7 /vagrant/dev/games/vendor/yeephp/yeephp/Yee/Middleware/MethodOverride.php(92): Yee\Middleware\Flash->call()
#8 /vagrant/dev/games/vendor/yeephp/yeephp/Yee/Yee.php(1278): Yee\Middleware\MethodOverride->call()
#9 /vagrant/dev/games/index.php(47): Yee\Yee->execute()
#10 {main}
ERROR - 2017-04-11 07:02:07 - ErrorException: Illegal string offset 'bet' in /vagrant/dev/games/App/Controllers/PokerController.php:45
Stack trace:
#0 /vagrant/dev/games/App/Controllers/PokerController.php(45): Yee\Yee::handleErrors(2, 'Illegal string ...', '/vagrant/dev/ga...', 45, Array)
#1 [internal function]: PokerController->index()
#2 /vagrant/dev/games/vendor/yeephp/yeephp/Yee/Managers/Controller/Controller.php(22): call_user_func_array(Array, Array)
#3 [internal function]: Yee\Managers\Controller\Controller::__callStatic('index', Array)
#4 /vagrant/dev/games/vendor/yeephp/yeephp/Yee/Route.php(462): call_user_func_array('PokerController...', Array)
#5 /vagrant/dev/games/vendor/yeephp/yeephp/Yee/Yee.php(1333): Yee\Route->dispatch()
#6 /vagrant/dev/games/vendor/yeephp/yeephp/Yee/Middleware/Flash.php(85): Yee\Yee->call()
#7 /vagrant/dev/games/vendor/yeephp/yeephp/Yee/Middleware/MethodOverride.php(92): Yee\Middleware\Flash->call()
#8 /vagrant/dev/games/vendor/yeephp/yeephp/Yee/Yee.php(1278): Yee\Middleware\MethodOverride->call()
#9 /vagrant/dev/games/index.php(47): Yee\Yee->execute()
#10 {main}
ERROR - 2017-04-11 07:02:08 - ErrorException: Illegal string offset 'bet' in /vagrant/dev/games/App/Controllers/PokerController.php:45
Stack trace:
#0 /vagrant/dev/games/App/Controllers/PokerController.php(45): Yee\Yee::handleErrors(2, 'Illegal string ...', '/vagrant/dev/ga...', 45, Array)
#1 [internal function]: PokerController->index()
#2 /vagrant/dev/games/vendor/yeephp/yeephp/Yee/Managers/Controller/Controller.php(22): call_user_func_array(Array, Array)
#3 [internal function]: Yee\Managers\Controller\Controller::__callStatic('index', Array)
#4 /vagrant/dev/games/vendor/yeephp/yeephp/Yee/Route.php(462): call_user_func_array('PokerController...', Array)
#5 /vagrant/dev/games/vendor/yeephp/yeephp/Yee/Yee.php(1333): Yee\Route->dispatch()
#6 /vagrant/dev/games/vendor/yeephp/yeephp/Yee/Middleware/Flash.php(85): Yee\Yee->call()
#7 /vagrant/dev/games/vendor/yeephp/yeephp/Yee/Middleware/MethodOverride.php(92): Yee\Middleware\Flash->call()
#8 /vagrant/dev/games/vendor/yeephp/yeephp/Yee/Yee.php(1278): Yee\Middleware\MethodOverride->call()
#9 /vagrant/dev/games/index.php(47): Yee\Yee->execute()
#10 {main}
ERROR - 2017-04-11 07:02:08 - ErrorException: Illegal string offset 'bet' in /vagrant/dev/games/App/Controllers/PokerController.php:45
Stack trace:
#0 /vagrant/dev/games/App/Controllers/PokerController.php(45): Yee\Yee::handleErrors(2, 'Illegal string ...', '/vagrant/dev/ga...', 45, Array)
#1 [internal function]: PokerController->index()
#2 /vagrant/dev/games/vendor/yeephp/yeephp/Yee/Managers/Controller/Controller.php(22): call_user_func_array(Array, Array)
#3 [internal function]: Yee\Managers\Controller\Controller::__callStatic('index', Array)
#4 /vagrant/dev/games/vendor/yeephp/yeephp/Yee/Route.php(462): call_user_func_array('PokerController...', Array)
#5 /vagrant/dev/games/vendor/yeephp/yeephp/Yee/Yee.php(1333): Yee\Route->dispatch()
#6 /vagrant/dev/games/vendor/yeephp/yeephp/Yee/Middleware/Flash.php(85): Yee\Yee->call()
#7 /vagrant/dev/games/vendor/yeephp/yeephp/Yee/Middleware/MethodOverride.php(92): Yee\Middleware\Flash->call()
#8 /vagrant/dev/games/vendor/yeephp/yeephp/Yee/Yee.php(1278): Yee\Middleware\MethodOverride->call()
#9 /vagrant/dev/games/index.php(47): Yee\Yee->execute()
#10 {main}
ERROR - 2017-04-11 07:02:38 - ErrorException: Illegal string offset 'bet' in /vagrant/dev/games/App/Controllers/PokerController.php:45
Stack trace:
#0 /vagrant/dev/games/App/Controllers/PokerController.php(45): Yee\Yee::handleErrors(2, 'Illegal string ...', '/vagrant/dev/ga...', 45, Array)
#1 [internal function]: PokerController->index()
#2 /vagrant/dev/games/vendor/yeephp/yeephp/Yee/Managers/Controller/Controller.php(22): call_user_func_array(Array, Array)
#3 [internal function]: Yee\Managers\Controller\Controller::__callStatic('index', Array)
#4 /vagrant/dev/games/vendor/yeephp/yeephp/Yee/Route.php(462): call_user_func_array('PokerController...', Array)
#5 /vagrant/dev/games/vendor/yeephp/yeephp/Yee/Yee.php(1333): Yee\Route->dispatch()
#6 /vagrant/dev/games/vendor/yeephp/yeephp/Yee/Middleware/Flash.php(85): Yee\Yee->call()
#7 /vagrant/dev/games/vendor/yeephp/yeephp/Yee/Middleware/MethodOverride.php(92): Yee\Middleware\Flash->call()
#8 /vagrant/dev/games/vendor/yeephp/yeephp/Yee/Yee.php(1278): Yee\Middleware\MethodOverride->call()
#9 /vagrant/dev/games/index.php(47): Yee\Yee->execute()
#10 {main}
ERROR - 2017-04-11 07:15:20 - ErrorException: Undefined index: pot_4 in /vagrant/dev/games/App/Controllers/PokerController.php:81
Stack trace:
#0 /vagrant/dev/games/App/Controllers/PokerController.php(81): Yee\Yee::handleErrors(8, 'Undefined index...', '/vagrant/dev/ga...', 81, Array)
#1 [internal function]: PokerController->index()
#2 /vagrant/dev/games/vendor/yeephp/yeephp/Yee/Managers/Controller/Controller.php(22): call_user_func_array(Array, Array)
#3 [internal function]: Yee\Managers\Controller\Controller::__callStatic('index', Array)
#4 /vagrant/dev/games/vendor/yeephp/yeephp/Yee/Route.php(462): call_user_func_array('PokerController...', Array)
#5 /vagrant/dev/games/vendor/yeephp/yeephp/Yee/Yee.php(1333): Yee\Route->dispatch()
#6 /vagrant/dev/games/vendor/yeephp/yeephp/Yee/Middleware/Flash.php(85): Yee\Yee->call()
#7 /vagrant/dev/games/vendor/yeephp/yeephp/Yee/Middleware/MethodOverride.php(92): Yee\Middleware\Flash->call()
#8 /vagrant/dev/games/vendor/yeephp/yeephp/Yee/Yee.php(1278): Yee\Middleware\MethodOverride->call()
#9 /vagrant/dev/games/index.php(47): Yee\Yee->execute()
#10 {main}
ERROR - 2017-04-11 07:30:54 - ErrorException: Undefined offset: 600 in /vagrant/dev/games/App/Controllers/PokerController.php:89
Stack trace:
#0 /vagrant/dev/games/App/Controllers/PokerController.php(89): Yee\Yee::handleErrors(8, 'Undefined offse...', '/vagrant/dev/ga...', 89, Array)
#1 [internal function]: PokerController->index()
#2 /vagrant/dev/games/vendor/yeephp/yeephp/Yee/Managers/Controller/Controller.php(22): call_user_func_array(Array, Array)
#3 [internal function]: Yee\Managers\Controller\Controller::__callStatic('index', Array)
#4 /vagrant/dev/games/vendor/yeephp/yeephp/Yee/Route.php(462): call_user_func_array('PokerController...', Array)
#5 /vagrant/dev/games/vendor/yeephp/yeephp/Yee/Yee.php(1333): Yee\Route->dispatch()
#6 /vagrant/dev/games/vendor/yeephp/yeephp/Yee/Middleware/Flash.php(85): Yee\Yee->call()
#7 /vagrant/dev/games/vendor/yeephp/yeephp/Yee/Middleware/MethodOverride.php(92): Yee\Middleware\Flash->call()
#8 /vagrant/dev/games/vendor/yeephp/yeephp/Yee/Yee.php(1278): Yee\Middleware\MethodOverride->call()
#9 /vagrant/dev/games/index.php(47): Yee\Yee->execute()
#10 {main}
ERROR - 2017-04-11 07:31:13 - ErrorException: Undefined offset: 600 in /vagrant/dev/games/App/Controllers/PokerController.php:89
Stack trace:
#0 /vagrant/dev/games/App/Controllers/PokerController.php(89): Yee\Yee::handleErrors(8, 'Undefined offse...', '/vagrant/dev/ga...', 89, Array)
#1 [internal function]: PokerController->index()
#2 /vagrant/dev/games/vendor/yeephp/yeephp/Yee/Managers/Controller/Controller.php(22): call_user_func_array(Array, Array)
#3 [internal function]: Yee\Managers\Controller\Controller::__callStatic('index', Array)
#4 /vagrant/dev/games/vendor/yeephp/yeephp/Yee/Route.php(462): call_user_func_array('PokerController...', Array)
#5 /vagrant/dev/games/vendor/yeephp/yeephp/Yee/Yee.php(1333): Yee\Route->dispatch()
#6 /vagrant/dev/games/vendor/yeephp/yeephp/Yee/Middleware/Flash.php(85): Yee\Yee->call()
#7 /vagrant/dev/games/vendor/yeephp/yeephp/Yee/Middleware/MethodOverride.php(92): Yee\Middleware\Flash->call()
#8 /vagrant/dev/games/vendor/yeephp/yeephp/Yee/Yee.php(1278): Yee\Middleware\MethodOverride->call()
#9 /vagrant/dev/games/index.php(47): Yee\Yee->execute()
#10 {main}
