ERROR - 2017-04-27 07:12:52 - ErrorException: Undefined variable: check in /vagrant/dev/games/App/Controllers/PokerController.php:77
Stack trace:
#0 /vagrant/dev/games/App/Controllers/PokerController.php(77): Yee\Yee::handleErrors(8, 'Undefined varia...', '/vagrant/dev/ga...', 77, Array)
#1 [internal function]: PokerController->index()
#2 /vagrant/dev/games/vendor/yeephp/yeephp/Yee/Managers/Controller/Controller.php(22): call_user_func_array(Array, Array)
#3 [internal function]: Yee\Managers\Controller\Controller::__callStatic('index', Array)
#4 /vagrant/dev/games/vendor/yeephp/yeephp/Yee/Route.php(462): call_user_func_array('PokerController...', Array)
#5 /vagrant/dev/games/vendor/yeephp/yeephp/Yee/Yee.php(1333): Yee\Route->dispatch()
#6 /vagrant/dev/games/vendor/yeephp/yeephp/Yee/Middleware/Flash.php(85): Yee\Yee->call()
#7 /vagrant/dev/games/vendor/yeephp/yeephp/Yee/Middleware/MethodOverride.php(92): Yee\Middleware\Flash->call()
#8 /vagrant/dev/games/vendor/yeephp/yeephp/Yee/Yee.php(1278): Yee\Middleware\MethodOverride->call()
#9 /vagrant/dev/games/index.php(47): Yee\Yee->execute()
#10 {main}
ERROR - 2017-04-27 07:12:59 - ErrorException: Undefined variable: check in /vagrant/dev/games/App/Controllers/PokerController.php:77
Stack trace:
#0 /vagrant/dev/games/App/Controllers/PokerController.php(77): Yee\Yee::handleErrors(8, 'Undefined varia...', '/vagrant/dev/ga...', 77, Array)
#1 [internal function]: PokerController->index()
#2 /vagrant/dev/games/vendor/yeephp/yeephp/Yee/Managers/Controller/Controller.php(22): call_user_func_array(Array, Array)
#3 [internal function]: Yee\Managers\Controller\Controller::__callStatic('index', Array)
#4 /vagrant/dev/games/vendor/yeephp/yeephp/Yee/Route.php(462): call_user_func_array('PokerController...', Array)
#5 /vagrant/dev/games/vendor/yeephp/yeephp/Yee/Yee.php(1333): Yee\Route->dispatch()
#6 /vagrant/dev/games/vendor/yeephp/yeephp/Yee/Middleware/Flash.php(85): Yee\Yee->call()
#7 /vagrant/dev/games/vendor/yeephp/yeephp/Yee/Middleware/MethodOverride.php(92): Yee\Middleware\Flash->call()
#8 /vagrant/dev/games/vendor/yeephp/yeephp/Yee/Yee.php(1278): Yee\Middleware\MethodOverride->call()
#9 /vagrant/dev/games/index.php(47): Yee\Yee->execute()
#10 {main}
ERROR - 2017-04-27 07:13:27 - ErrorException: max(): Array must contain at least one element in /vagrant/dev/games/App/Controllers/PokerController.php:59
Stack trace:
#0 [internal function]: Yee\Yee::handleErrors(2, 'max(): Array mu...', '/vagrant/dev/ga...', 59, Array)
#1 /vagrant/dev/games/App/Controllers/PokerController.php(59): max(Array)
#2 [internal function]: PokerController->index()
#3 /vagrant/dev/games/vendor/yeephp/yeephp/Yee/Managers/Controller/Controller.php(22): call_user_func_array(Array, Array)
#4 [internal function]: Yee\Managers\Controller\Controller::__callStatic('index', Array)
#5 /vagrant/dev/games/vendor/yeephp/yeephp/Yee/Route.php(462): call_user_func_array('PokerController...', Array)
#6 /vagrant/dev/games/vendor/yeephp/yeephp/Yee/Yee.php(1333): Yee\Route->dispatch()
#7 /vagrant/dev/games/vendor/yeephp/yeephp/Yee/Middleware/Flash.php(85): Yee\Yee->call()
#8 /vagrant/dev/games/vendor/yeephp/yeephp/Yee/Middleware/MethodOverride.php(92): Yee\Middleware\Flash->call()
#9 /vagrant/dev/games/vendor/yeephp/yeephp/Yee/Yee.php(1278): Yee\Middleware\MethodOverride->call()
#10 /vagrant/dev/games/index.php(47): Yee\Yee->execute()
#11 {main}
ERROR - 2017-04-27 07:18:31 - ErrorException: array_column(): The index key should be either a string or an integer in /vagrant/dev/games/App/Controllers/PokerController.php:55
Stack trace:
#0 [internal function]: Yee\Yee::handleErrors(2, 'array_column():...', '/vagrant/dev/ga...', 55, Array)
#1 /vagrant/dev/games/App/Controllers/PokerController.php(55): array_column(Array, 'bet', Array)
#2 [internal function]: PokerController->index()
#3 /vagrant/dev/games/vendor/yeephp/yeephp/Yee/Managers/Controller/Controller.php(22): call_user_func_array(Array, Array)
#4 [internal function]: Yee\Managers\Controller\Controller::__callStatic('index', Array)
#5 /vagrant/dev/games/vendor/yeephp/yeephp/Yee/Route.php(462): call_user_func_array('PokerController...', Array)
#6 /vagrant/dev/games/vendor/yeephp/yeephp/Yee/Yee.php(1333): Yee\Route->dispatch()
#7 /vagrant/dev/games/vendor/yeephp/yeephp/Yee/Middleware/Flash.php(85): Yee\Yee->call()
#8 /vagrant/dev/games/vendor/yeephp/yeephp/Yee/Middleware/MethodOverride.php(92): Yee\Middleware\Flash->call()
#9 /vagrant/dev/games/vendor/yeephp/yeephp/Yee/Yee.php(1278): Yee\Middleware\MethodOverride->call()
#10 /vagrant/dev/games/index.php(47): Yee\Yee->execute()
#11 {main}
