ERROR - 2017-04-20 11:39:34 - ErrorException: swoole_server::on(): Unknown event types[onTimer] in /vagrant/dev/games/App/Controllers/PokerController.php:56
Stack trace:
#0 [internal function]: Yee\Yee::handleErrors(2, 'swoole_server::...', '/vagrant/dev/ga...', 56, Array)
#1 [internal function]: swoole_server->on('onTimer', Object(Closure))
#2 /vagrant/dev/games/App/Controllers/PokerController.php(56): swoole_http_server->on('onTimer', Object(Closure))
#3 [internal function]: PokerController->server()
#4 /vagrant/dev/games/vendor/yeephp/yeephp/Yee/Managers/Controller/Controller.php(22): call_user_func_array(Array, Array)
#5 [internal function]: Yee\Managers\Controller\Controller::__callStatic('server', Array)
#6 /vagrant/dev/games/vendor/yeephp/yeephp/Yee/Route.php(462): call_user_func_array('PokerController...', Array)
#7 /vagrant/dev/games/vendor/yeephp/yeephp/Yee/Yee.php(1333): Yee\Route->dispatch()
#8 /vagrant/dev/games/vendor/yeephp/yeephp/Yee/Middleware/Flash.php(85): Yee\Yee->call()
#9 /vagrant/dev/games/vendor/yeephp/yeephp/Yee/Middleware/MethodOverride.php(92): Yee\Middleware\Flash->call()
#10 /vagrant/dev/games/vendor/yeephp/yeephp/Yee/Yee.php(1278): Yee\Middleware\MethodOverride->call()
#11 /vagrant/dev/games/index.php(47): Yee\Yee->execute()
#12 {main}
ERROR - 2017-04-20 11:40:40 - ErrorException: swoole_server::on(): Unknown event types[onStart] in /vagrant/dev/games/App/Controllers/PokerController.php:56
Stack trace:
#0 [internal function]: Yee\Yee::handleErrors(2, 'swoole_server::...', '/vagrant/dev/ga...', 56, Array)
#1 [internal function]: swoole_server->on('onStart', Object(Closure))
#2 /vagrant/dev/games/App/Controllers/PokerController.php(56): swoole_http_server->on('onStart', Object(Closure))
#3 [internal function]: PokerController->server()
#4 /vagrant/dev/games/vendor/yeephp/yeephp/Yee/Managers/Controller/Controller.php(22): call_user_func_array(Array, Array)
#5 [internal function]: Yee\Managers\Controller\Controller::__callStatic('server', Array)
#6 /vagrant/dev/games/vendor/yeephp/yeephp/Yee/Route.php(462): call_user_func_array('PokerController...', Array)
#7 /vagrant/dev/games/vendor/yeephp/yeephp/Yee/Yee.php(1333): Yee\Route->dispatch()
#8 /vagrant/dev/games/vendor/yeephp/yeephp/Yee/Middleware/Flash.php(85): Yee\Yee->call()
#9 /vagrant/dev/games/vendor/yeephp/yeephp/Yee/Middleware/MethodOverride.php(92): Yee\Middleware\Flash->call()
#10 /vagrant/dev/games/vendor/yeephp/yeephp/Yee/Yee.php(1278): Yee\Middleware\MethodOverride->call()
#11 /vagrant/dev/games/index.php(47): Yee\Yee->execute()
#12 {main}
ERROR - 2017-04-20 11:41:04 - ErrorException: swoole_server::on(): Unknown event types[timer] in /vagrant/dev/games/App/Controllers/PokerController.php:56
Stack trace:
#0 [internal function]: Yee\Yee::handleErrors(2, 'swoole_server::...', '/vagrant/dev/ga...', 56, Array)
#1 [internal function]: swoole_server->on('timer', Object(Closure))
#2 /vagrant/dev/games/App/Controllers/PokerController.php(56): swoole_http_server->on('timer', Object(Closure))
#3 [internal function]: PokerController->server()
#4 /vagrant/dev/games/vendor/yeephp/yeephp/Yee/Managers/Controller/Controller.php(22): call_user_func_array(Array, Array)
#5 [internal function]: Yee\Managers\Controller\Controller::__callStatic('server', Array)
#6 /vagrant/dev/games/vendor/yeephp/yeephp/Yee/Route.php(462): call_user_func_array('PokerController...', Array)
#7 /vagrant/dev/games/vendor/yeephp/yeephp/Yee/Yee.php(1333): Yee\Route->dispatch()
#8 /vagrant/dev/games/vendor/yeephp/yeephp/Yee/Middleware/Flash.php(85): Yee\Yee->call()
#9 /vagrant/dev/games/vendor/yeephp/yeephp/Yee/Middleware/MethodOverride.php(92): Yee\Middleware\Flash->call()
#10 /vagrant/dev/games/vendor/yeephp/yeephp/Yee/Yee.php(1278): Yee\Middleware\MethodOverride->call()
#11 /vagrant/dev/games/index.php(47): Yee\Yee->execute()
#12 {main}
