ERROR - 2017-03-16 08:10:30 - ErrorException: Undefined variable: full in /vagrant/dev/games/App/Libraries/PTHE.php:968
Stack trace:
#0 /vagrant/dev/games/App/Libraries/PTHE.php(968): Yee\Yee::handleErrors(8, 'Undefined varia...', '/vagrant/dev/ga...', 968, Array)
#1 /vagrant/dev/games/App/Libraries/PTHE.php(364): App\Libraries\PTHE->full_match(0, Array)
#2 /vagrant/dev/games/App/Libraries/PTHE.php(178): App\Libraries\PTHE->evaluate_points(1)
#3 /vagrant/dev/games/App/Controllers/PokerController.php(17): App\Libraries\PTHE->__construct(2)
#4 [internal function]: PokerController->index()
#5 /vagrant/dev/games/vendor/yeephp/yeephp/Yee/Managers/Controller/Controller.php(22): call_user_func_array(Array, Array)
#6 [internal function]: Yee\Managers\Controller\Controller::__callStatic('index', Array)
#7 /vagrant/dev/games/vendor/yeephp/yeephp/Yee/Route.php(462): call_user_func_array('PokerController...', Array)
#8 /vagrant/dev/games/vendor/yeephp/yeephp/Yee/Yee.php(1333): Yee\Route->dispatch()
#9 /vagrant/dev/games/vendor/yeephp/yeephp/Yee/Middleware/Flash.php(85): Yee\Yee->call()
#10 /vagrant/dev/games/vendor/yeephp/yeephp/Yee/Middleware/MethodOverride.php(92): Yee\Middleware\Flash->call()
#11 /vagrant/dev/games/vendor/yeephp/yeephp/Yee/Yee.php(1278): Yee\Middleware\MethodOverride->call()
#12 /vagrant/dev/games/index.php(46): Yee\Yee->execute()
#13 {main}
ERROR - 2017-03-16 08:12:24 - ErrorException: Undefined variable: full in /vagrant/dev/games/App/Libraries/PTHE.php:968
Stack trace:
#0 /vagrant/dev/games/App/Libraries/PTHE.php(968): Yee\Yee::handleErrors(8, 'Undefined varia...', '/vagrant/dev/ga...', 968, Array)
#1 /vagrant/dev/games/App/Libraries/PTHE.php(364): App\Libraries\PTHE->full_match(0, Array)
#2 /vagrant/dev/games/App/Libraries/PTHE.php(178): App\Libraries\PTHE->evaluate_points(1)
#3 /vagrant/dev/games/App/Controllers/PokerController.php(17): App\Libraries\PTHE->__construct(2)
#4 [internal function]: PokerController->index()
#5 /vagrant/dev/games/vendor/yeephp/yeephp/Yee/Managers/Controller/Controller.php(22): call_user_func_array(Array, Array)
#6 [internal function]: Yee\Managers\Controller\Controller::__callStatic('index', Array)
#7 /vagrant/dev/games/vendor/yeephp/yeephp/Yee/Route.php(462): call_user_func_array('PokerController...', Array)
#8 /vagrant/dev/games/vendor/yeephp/yeephp/Yee/Yee.php(1333): Yee\Route->dispatch()
#9 /vagrant/dev/games/vendor/yeephp/yeephp/Yee/Middleware/Flash.php(85): Yee\Yee->call()
#10 /vagrant/dev/games/vendor/yeephp/yeephp/Yee/Middleware/MethodOverride.php(92): Yee\Middleware\Flash->call()
#11 /vagrant/dev/games/vendor/yeephp/yeephp/Yee/Yee.php(1278): Yee\Middleware\MethodOverride->call()
#12 /vagrant/dev/games/index.php(46): Yee\Yee->execute()
#13 {main}
ERROR - 2017-03-16 08:13:32 - ErrorException: Undefined variable: full in /vagrant/dev/games/App/Libraries/PTHE.php:919
Stack trace:
#0 /vagrant/dev/games/App/Libraries/PTHE.php(919): Yee\Yee::handleErrors(8, 'Undefined varia...', '/vagrant/dev/ga...', 919, Array)
#1 /vagrant/dev/games/App/Libraries/PTHE.php(364): App\Libraries\PTHE->full_match(2, Array)
#2 /vagrant/dev/games/App/Libraries/PTHE.php(178): App\Libraries\PTHE->evaluate_points(1)
#3 /vagrant/dev/games/App/Controllers/PokerController.php(17): App\Libraries\PTHE->__construct(2)
#4 [internal function]: PokerController->index()
#5 /vagrant/dev/games/vendor/yeephp/yeephp/Yee/Managers/Controller/Controller.php(22): call_user_func_array(Array, Array)
#6 [internal function]: Yee\Managers\Controller\Controller::__callStatic('index', Array)
#7 /vagrant/dev/games/vendor/yeephp/yeephp/Yee/Route.php(462): call_user_func_array('PokerController...', Array)
#8 /vagrant/dev/games/vendor/yeephp/yeephp/Yee/Yee.php(1333): Yee\Route->dispatch()
#9 /vagrant/dev/games/vendor/yeephp/yeephp/Yee/Middleware/Flash.php(85): Yee\Yee->call()
#10 /vagrant/dev/games/vendor/yeephp/yeephp/Yee/Middleware/MethodOverride.php(92): Yee\Middleware\Flash->call()
#11 /vagrant/dev/games/vendor/yeephp/yeephp/Yee/Yee.php(1278): Yee\Middleware\MethodOverride->call()
#12 /vagrant/dev/games/index.php(46): Yee\Yee->execute()
#13 {main}
ERROR - 2017-03-16 08:13:33 - ErrorException: Undefined variable: full in /vagrant/dev/games/App/Libraries/PTHE.php:872
Stack trace:
#0 /vagrant/dev/games/App/Libraries/PTHE.php(872): Yee\Yee::handleErrors(8, 'Undefined varia...', '/vagrant/dev/ga...', 872, Array)
#1 /vagrant/dev/games/App/Libraries/PTHE.php(364): App\Libraries\PTHE->full_match(4, Array)
#2 /vagrant/dev/games/App/Libraries/PTHE.php(178): App\Libraries\PTHE->evaluate_points(1)
#3 /vagrant/dev/games/App/Controllers/PokerController.php(17): App\Libraries\PTHE->__construct(2)
#4 [internal function]: PokerController->index()
#5 /vagrant/dev/games/vendor/yeephp/yeephp/Yee/Managers/Controller/Controller.php(22): call_user_func_array(Array, Array)
#6 [internal function]: Yee\Managers\Controller\Controller::__callStatic('index', Array)
#7 /vagrant/dev/games/vendor/yeephp/yeephp/Yee/Route.php(462): call_user_func_array('PokerController...', Array)
#8 /vagrant/dev/games/vendor/yeephp/yeephp/Yee/Yee.php(1333): Yee\Route->dispatch()
#9 /vagrant/dev/games/vendor/yeephp/yeephp/Yee/Middleware/Flash.php(85): Yee\Yee->call()
#10 /vagrant/dev/games/vendor/yeephp/yeephp/Yee/Middleware/MethodOverride.php(92): Yee\Middleware\Flash->call()
#11 /vagrant/dev/games/vendor/yeephp/yeephp/Yee/Yee.php(1278): Yee\Middleware\MethodOverride->call()
#12 /vagrant/dev/games/index.php(46): Yee\Yee->execute()
#13 {main}
ERROR - 2017-03-16 08:15:27 - ErrorException: Undefined variable: full in /vagrant/dev/games/App/Libraries/PTHE.php:942
Stack trace:
#0 /vagrant/dev/games/App/Libraries/PTHE.php(942): Yee\Yee::handleErrors(8, 'Undefined varia...', '/vagrant/dev/ga...', 942, Array)
#1 /vagrant/dev/games/App/Libraries/PTHE.php(364): App\Libraries\PTHE->full_match(1, Array)
#2 /vagrant/dev/games/App/Libraries/PTHE.php(178): App\Libraries\PTHE->evaluate_points(1)
#3 /vagrant/dev/games/App/Controllers/PokerController.php(17): App\Libraries\PTHE->__construct(2)
#4 [internal function]: PokerController->index()
#5 /vagrant/dev/games/vendor/yeephp/yeephp/Yee/Managers/Controller/Controller.php(22): call_user_func_array(Array, Array)
#6 [internal function]: Yee\Managers\Controller\Controller::__callStatic('index', Array)
#7 /vagrant/dev/games/vendor/yeephp/yeephp/Yee/Route.php(462): call_user_func_array('PokerController...', Array)
#8 /vagrant/dev/games/vendor/yeephp/yeephp/Yee/Yee.php(1333): Yee\Route->dispatch()
#9 /vagrant/dev/games/vendor/yeephp/yeephp/Yee/Middleware/Flash.php(85): Yee\Yee->call()
#10 /vagrant/dev/games/vendor/yeephp/yeephp/Yee/Middleware/MethodOverride.php(92): Yee\Middleware\Flash->call()
#11 /vagrant/dev/games/vendor/yeephp/yeephp/Yee/Yee.php(1278): Yee\Middleware\MethodOverride->call()
#12 /vagrant/dev/games/index.php(46): Yee\Yee->execute()
#13 {main}
ERROR - 2017-03-16 08:16:09 - ErrorException: Undefined variable: full in /vagrant/dev/games/App/Libraries/PTHE.php:895
Stack trace:
#0 /vagrant/dev/games/App/Libraries/PTHE.php(895): Yee\Yee::handleErrors(8, 'Undefined varia...', '/vagrant/dev/ga...', 895, Array)
#1 /vagrant/dev/games/App/Libraries/PTHE.php(364): App\Libraries\PTHE->full_match(3, Array)
#2 /vagrant/dev/games/App/Libraries/PTHE.php(178): App\Libraries\PTHE->evaluate_points(1)
#3 /vagrant/dev/games/App/Controllers/PokerController.php(17): App\Libraries\PTHE->__construct(2)
#4 [internal function]: PokerController->index()
#5 /vagrant/dev/games/vendor/yeephp/yeephp/Yee/Managers/Controller/Controller.php(22): call_user_func_array(Array, Array)
#6 [internal function]: Yee\Managers\Controller\Controller::__callStatic('index', Array)
#7 /vagrant/dev/games/vendor/yeephp/yeephp/Yee/Route.php(462): call_user_func_array('PokerController...', Array)
#8 /vagrant/dev/games/vendor/yeephp/yeephp/Yee/Yee.php(1333): Yee\Route->dispatch()
#9 /vagrant/dev/games/vendor/yeephp/yeephp/Yee/Middleware/Flash.php(85): Yee\Yee->call()
#10 /vagrant/dev/games/vendor/yeephp/yeephp/Yee/Middleware/MethodOverride.php(92): Yee\Middleware\Flash->call()
#11 /vagrant/dev/games/vendor/yeephp/yeephp/Yee/Yee.php(1278): Yee\Middleware\MethodOverride->call()
#12 /vagrant/dev/games/index.php(46): Yee\Yee->execute()
#13 {main}
ERROR - 2017-03-16 08:20:20 - ErrorException: Missing argument 1 for App\Libraries\PTHE::full_match(), called in /vagrant/dev/games/App/Controllers/PokerController.php on line 19 and defined in /vagrant/dev/games/App/Libraries/PTHE.php:850
Stack trace:
#0 /vagrant/dev/games/App/Libraries/PTHE.php(850): Yee\Yee::handleErrors(2, 'Missing argumen...', '/vagrant/dev/ga...', 850, Array)
#1 /vagrant/dev/games/App/Controllers/PokerController.php(19): App\Libraries\PTHE->full_match()
#2 [internal function]: PokerController->index()
#3 /vagrant/dev/games/vendor/yeephp/yeephp/Yee/Managers/Controller/Controller.php(22): call_user_func_array(Array, Array)
#4 [internal function]: Yee\Managers\Controller\Controller::__callStatic('index', Array)
#5 /vagrant/dev/games/vendor/yeephp/yeephp/Yee/Route.php(462): call_user_func_array('PokerController...', Array)
#6 /vagrant/dev/games/vendor/yeephp/yeephp/Yee/Yee.php(1333): Yee\Route->dispatch()
#7 /vagrant/dev/games/vendor/yeephp/yeephp/Yee/Middleware/Flash.php(85): Yee\Yee->call()
#8 /vagrant/dev/games/vendor/yeephp/yeephp/Yee/Middleware/MethodOverride.php(92): Yee\Middleware\Flash->call()
#9 /vagrant/dev/games/vendor/yeephp/yeephp/Yee/Yee.php(1278): Yee\Middleware\MethodOverride->call()
#10 /vagrant/dev/games/index.php(46): Yee\Yee->execute()
#11 {main}
ERROR - 2017-03-16 08:20:22 - ErrorException: Missing argument 1 for App\Libraries\PTHE::full_match(), called in /vagrant/dev/games/App/Controllers/PokerController.php on line 19 and defined in /vagrant/dev/games/App/Libraries/PTHE.php:850
Stack trace:
#0 /vagrant/dev/games/App/Libraries/PTHE.php(850): Yee\Yee::handleErrors(2, 'Missing argumen...', '/vagrant/dev/ga...', 850, Array)
#1 /vagrant/dev/games/App/Controllers/PokerController.php(19): App\Libraries\PTHE->full_match()
#2 [internal function]: PokerController->index()
#3 /vagrant/dev/games/vendor/yeephp/yeephp/Yee/Managers/Controller/Controller.php(22): call_user_func_array(Array, Array)
#4 [internal function]: Yee\Managers\Controller\Controller::__callStatic('index', Array)
#5 /vagrant/dev/games/vendor/yeephp/yeephp/Yee/Route.php(462): call_user_func_array('PokerController...', Array)
#6 /vagrant/dev/games/vendor/yeephp/yeephp/Yee/Yee.php(1333): Yee\Route->dispatch()
#7 /vagrant/dev/games/vendor/yeephp/yeephp/Yee/Middleware/Flash.php(85): Yee\Yee->call()
#8 /vagrant/dev/games/vendor/yeephp/yeephp/Yee/Middleware/MethodOverride.php(92): Yee\Middleware\Flash->call()
#9 /vagrant/dev/games/vendor/yeephp/yeephp/Yee/Yee.php(1278): Yee\Middleware\MethodOverride->call()
#10 /vagrant/dev/games/index.php(46): Yee\Yee->execute()
#11 {main}
ERROR - 2017-03-16 08:20:23 - ErrorException: Missing argument 1 for App\Libraries\PTHE::full_match(), called in /vagrant/dev/games/App/Controllers/PokerController.php on line 19 and defined in /vagrant/dev/games/App/Libraries/PTHE.php:850
Stack trace:
#0 /vagrant/dev/games/App/Libraries/PTHE.php(850): Yee\Yee::handleErrors(2, 'Missing argumen...', '/vagrant/dev/ga...', 850, Array)
#1 /vagrant/dev/games/App/Controllers/PokerController.php(19): App\Libraries\PTHE->full_match()
#2 [internal function]: PokerController->index()
#3 /vagrant/dev/games/vendor/yeephp/yeephp/Yee/Managers/Controller/Controller.php(22): call_user_func_array(Array, Array)
#4 [internal function]: Yee\Managers\Controller\Controller::__callStatic('index', Array)
#5 /vagrant/dev/games/vendor/yeephp/yeephp/Yee/Route.php(462): call_user_func_array('PokerController...', Array)
#6 /vagrant/dev/games/vendor/yeephp/yeephp/Yee/Yee.php(1333): Yee\Route->dispatch()
#7 /vagrant/dev/games/vendor/yeephp/yeephp/Yee/Middleware/Flash.php(85): Yee\Yee->call()
#8 /vagrant/dev/games/vendor/yeephp/yeephp/Yee/Middleware/MethodOverride.php(92): Yee\Middleware\Flash->call()
#9 /vagrant/dev/games/vendor/yeephp/yeephp/Yee/Yee.php(1278): Yee\Middleware\MethodOverride->call()
#10 /vagrant/dev/games/index.php(46): Yee\Yee->execute()
#11 {main}
